<?xml version="1.0" encoding="UTF-8"?>
<!-- Generated by org.testng.reporters.JUnitReportReporter -->
<testsuite hostname="LAPTOP-3O21V2C5" failures="0" tests="1" name="com.luma.LumaTest.SmokePageTest" time="2.771" errors="0" timestamp="2025-01-31T07:32:26 IST" skipped="0">
  <testcase classname="com.luma.LumaTest.SmokePageTest" name="testCase" time="2.771"/>
</testsuite> <!-- com.luma.LumaTest.SmokePageTest -->
