<?xml version="1.0" encoding="UTF-8"?>
<!-- Generated by org.testng.reporters.JUnitReportReporter -->
<testsuite hostname="LAPTOP-3O21V2C5" failures="0" tests="1" name="com.luma.LumaTest.BaseClass" time="2.196" errors="0" timestamp="2025-01-30T18:26:07 IST" skipped="0">
  <testcase classname="com.luma.LumaTest.BaseClass" name="testcase" time="2.196"/>
</testsuite> <!-- com.luma.LumaTest.BaseClass -->
