<?xml version="1.0" encoding="UTF-8"?>
<!-- Generated by org.testng.reporters.JUnitReportReporter -->
<testsuite hostname="LAPTOP-3O21V2C5" failures="0" tests="4" name="testdrivendevelop.JsonReadTest" time="0.010" errors="0" timestamp="2025-01-22T12:39:46 IST" skipped="0">
  <testcase classname="testdrivendevelop.JsonReadTest" name="test" time="0.001"/>
  <testcase classname="testdrivendevelop.JsonReadTest" name="test" time="0.001"/>
  <testcase classname="testdrivendevelop.JsonReadTest" name="test" time="0.007"/>
  <testcase classname="testdrivendevelop.JsonReadTest" name="test" time="0.001"/>
</testsuite> <!-- testdrivendevelop.JsonReadTest -->
