<?xml version="1.0" encoding="UTF-8"?>
<!-- Generated by org.testng.reporters.JUnitReportReporter -->
<testsuite hostname="LAPTOP-3O21V2C5" failures="0" tests="1" name="com.luma.LumaTest.HomepageTest" time="1.564" errors="0" timestamp="2025-02-02T20:43:47 IST" skipped="0">
  <testcase classname="com.luma.LumaTest.HomepageTest" name="basePageUrlValidation" time="1.564"/>
</testsuite> <!-- com.luma.LumaTest.HomepageTest -->
