<?xml version="1.0" encoding="UTF-8"?>
<!-- Generated by org.testng.reporters.JUnitReportReporter -->
<testsuite hostname="LAPTOP-3O21V2C5" failures="0" tests="3" name="com.luma.LumaTest.CustomerLoginTest" time="9.228" errors="0" timestamp="2025-02-02T20:43:47 IST" skipped="0">
  <testcase classname="com.luma.LumaTest.CustomerLoginTest" name="signInUrlValidation" time="3.242"/>
  <testcase classname="com.luma.LumaTest.CustomerLoginTest" name="InvalidSignInCredentials" time="2.758"/>
  <testcase classname="com.luma.LumaTest.CustomerLoginTest" name="validSignInCredentials" time="3.228"/>
</testsuite> <!-- com.luma.LumaTest.CustomerLoginTest -->
