<?xml version="1.0" encoding="UTF-8"?>
<!-- Generated by org.testng.reporters.JUnitReportReporter -->
<testsuite hostname="LAPTOP-3O21V2C5" failures="0" tests="1" name="com.luma.LumaTests.BaseClass" time="0.030" errors="0" timestamp="2025-01-25T18:12:35 IST" skipped="0">
  <testcase classname="com.luma.LumaTests.BaseClass" name="homePageTitle" time="0.030"/>
</testsuite> <!-- com.luma.LumaTests.BaseClass -->
