<?xml version="1.0" encoding="UTF-8"?>
<!-- Generated by org.testng.reporters.JUnitReportReporter -->
<testsuite hostname="LAPTOP-3O21V2C5" failures="0" tests="1" name="testdrivendevelop.DifferentWebDriverOptions" time="0.015" errors="0" timestamp="2025-01-23T19:09:48 IST" skipped="0">
  <testcase classname="testdrivendevelop.DifferentWebDriverOptions" name="setuptest" time="0.015"/>
</testsuite> <!-- testdrivendevelop.DifferentWebDriverOptions -->
